# JRE version: OpenJDK Runtime Environment (17.0.6) (build 17.0.6+0-b2043.56-10027231)
# Java VM: OpenJDK 64-Bit Server VM (17.0.6+0-b2043.56-10027231, mixed mode, tiered, compressed oops, compressed class ptrs, g1 gc, windows-amd64)
GC Precious Log:
 CPUs: 4 total, 4 available
 Memory: 8050M
 Large Page Support: Disabled
 NUMA Support: Disabled
 Compressed Oops: Enabled (32-bit)
 Heap Region Size: 1M
 Heap Min Capacity: 8M
 Heap Initial Capacity: 126M
 Heap Max Capacity: 2G
 Pre-touch: Disabled
 Parallel Workers: 4
 Concurrent Workers: 1
 Concurrent Refinement Workers: 4
 Periodic GC: Disabled
Heap:
 garbage-first heap   total 82944K, used 39152K [0x0000000080000000, 0x0000000100000000)
  region size 1024K, 9 young (9216K), 3 survivors (3072K)
 Metaspace       used 52317K, committed 52736K, reserved 1097728K
  class space    used 7021K, committed 7232K, reserved 1048576K
GC Heap History (20 events):
Event: 3.425 GC heap before
{Heap before GC invocations=3 (full 0):
 garbage-first heap   total 129024K, used 51034K [0x0000000080000000, 0x0000000100000000)
  region size 1024K, 41 young (41984K), 3 survivors (3072K)
 Metaspace       used 21177K, committed 21504K, reserved 1073152K
  class space    used 2567K, committed 2752K, reserved 1048576K
}
Event: 3.433 GC heap after
{Heap after GC invocations=4 (full 0):
 garbage-first heap   total 129024K, used 18649K [0x0000000080000000, 0x0000000100000000)
  region size 1024K, 8 young (8192K), 8 survivors (8192K)
 Metaspace       used 21177K, committed 21504K, reserved 1073152K
  class space    used 2567K, committed 2752K, reserved 1048576K
}
Event: 4.593 GC heap before
{Heap before GC invocations=5 (full 0):
 garbage-first heap   total 68608K, used 50393K [0x0000000080000000, 0x0000000100000000)
  region size 1024K, 40 young (40960K), 8 survivors (8192K)
 Metaspace       used 26200K, committed 26496K, reserved 1073152K
  class space    used 3441K, committed 3584K, reserved 1048576K
}
Event: 4.602 GC heap after
{Heap after GC invocations=6 (full 0):
 garbage-first heap   total 68608K, used 20886K [0x0000000080000000, 0x0000000100000000)
  region size 1024K, 3 young (3072K), 3 survivors (3072K)
 Metaspace       used 26200K, committed 26496K, reserved 1073152K
  class space    used 3441K, committed 3584K, reserved 1048576K
}
Event: 5.315 GC heap before
{Heap before GC invocations=6 (full 0):
 garbage-first heap   total 68608K, used 46486K [0x0000000080000000, 0x0000000100000000)
  region size 1024K, 28 young (28672K), 3 survivors (3072K)
 Metaspace       used 30209K, committed 30528K, reserved 1081344K
  class space    used 4094K, committed 4224K, reserved 1048576K
}
Event: 5.320 GC heap after
{Heap after GC invocations=7 (full 0):
 garbage-first heap   total 68608K, used 22140K [0x0000000080000000, 0x0000000100000000)
  region size 1024K, 4 young (4096K), 4 survivors (4096K)
 Metaspace       used 30209K, committed 30528K, reserved 1081344K
  class space    used 4094K, committed 4224K, reserved 1048576K
}
Event: 6.275 GC heap before
{Heap before GC invocations=7 (full 0):
 garbage-first heap   total 68608K, used 48764K [0x0000000080000000, 0x0000000100000000)
  region size 1024K, 30 young (30720K), 4 survivors (4096K)
 Metaspace       used 34706K, committed 35072K, reserved 1081344K
  class space    used 4801K, committed 4992K, reserved 1048576K
}
Event: 6.280 GC heap after
{Heap after GC invocations=8 (full 0):
 garbage-first heap   total 68608K, used 23692K [0x0000000080000000, 0x0000000100000000)
  region size 1024K, 4 young (4096K), 4 survivors (4096K)
 Metaspace       used 34706K, committed 35072K, reserved 1081344K
  class space    used 4801K, committed 4992K, reserved 1048576K
}
Event: 6.410 GC heap before
{Heap before GC invocations=8 (full 0):
 garbage-first heap   total 68608K, used 27788K [0x0000000080000000, 0x0000000100000000)
  region size 1024K, 9 young (9216K), 4 survivors (4096K)
 Metaspace       used 35631K, committed 35968K, reserved 1081344K
  class space    used 4870K, committed 5056K, reserved 1048576K
}
Event: 6.415 GC heap after
{Heap after GC invocations=9 (full 0):
 garbage-first heap   total 68608K, used 24488K [0x0000000080000000, 0x0000000100000000)
  region size 1024K, 3 young (3072K), 3 survivors (3072K)
 Metaspace       used 35631K, committed 35968K, reserved 1081344K
  class space    used 4870K, committed 5056K, reserved 1048576K
}
Event: 6.970 GC heap before
{Heap before GC invocations=10 (full 0):
 garbage-first heap   total 68608K, used 48040K [0x0000000080000000, 0x0000000100000000)
  region size 1024K, 27 young (27648K), 3 survivors (3072K)
 Metaspace       used 40379K, committed 40704K, reserved 1089536K
  class space    used 5350K, committed 5504K, reserved 1048576K
}
Event: 6.976 GC heap after
{Heap after GC invocations=11 (full 0):
 garbage-first heap   total 68608K, used 28457K [0x0000000080000000, 0x0000000100000000)
  region size 1024K, 4 young (4096K), 4 survivors (4096K)
 Metaspace       used 40379K, committed 40704K, reserved 1089536K
  class space    used 5350K, committed 5504K, reserved 1048576K
}
Event: 7.481 GC heap before
{Heap before GC invocations=12 (full 0):
 garbage-first heap   total 68608K, used 53033K [0x0000000080000000, 0x0000000100000000)
  region size 1024K, 26 young (26624K), 4 survivors (4096K)
 Metaspace       used 42816K, committed 43200K, reserved 1089536K
  class space    used 5620K, committed 5760K, reserved 1048576K
}
Event: 7.486 GC heap after
{Heap after GC invocations=13 (full 0):
 garbage-first heap   total 68608K, used 29860K [0x0000000080000000, 0x0000000100000000)
  region size 1024K, 3 young (3072K), 3 survivors (3072K)
 Metaspace       used 42816K, committed 43200K, reserved 1089536K
  class space    used 5620K, committed 5760K, reserved 1048576K
}
Event: 8.141 GC heap before
{Heap before GC invocations=13 (full 0):
 garbage-first heap   total 68608K, used 51364K [0x0000000080000000, 0x0000000100000000)
  region size 1024K, 24 young (24576K), 3 survivors (3072K)
 Metaspace       used 44798K, committed 45248K, reserved 1089536K
  class space    used 5821K, committed 6016K, reserved 1048576K
}
Event: 8.147 GC heap after
{Heap after GC invocations=14 (full 0):
 garbage-first heap   total 68608K, used 31174K [0x0000000080000000, 0x0000000100000000)
  region size 1024K, 2 young (2048K), 2 survivors (2048K)
 Metaspace       used 44798K, committed 45248K, reserved 1089536K
  class space    used 5821K, committed 6016K, reserved 1048576K
}
Event: 9.054 GC heap before
{Heap before GC invocations=14 (full 0):
 garbage-first heap   total 68608K, used 52678K [0x0000000080000000, 0x0000000100000000)
  region size 1024K, 23 young (23552K), 2 survivors (2048K)
 Metaspace       used 47487K, committed 47936K, reserved 1097728K
  class space    used 6279K, committed 6528K, reserved 1048576K
}
Event: 9.060 GC heap after
{Heap after GC invocations=15 (full 0):
 garbage-first heap   total 82944K, used 32592K [0x0000000080000000, 0x0000000100000000)
  region size 1024K, 3 young (3072K), 3 survivors (3072K)
 Metaspace       used 47487K, committed 47936K, reserved 1097728K
  class space    used 6279K, committed 6528K, reserved 1048576K
}
Event: 12.339 GC heap before
{Heap before GC invocations=15 (full 0):
 garbage-first heap   total 82944K, used 63312K [0x0000000080000000, 0x0000000100000000)
  region size 1024K, 33 young (33792K), 3 survivors (3072K)
 Metaspace       used 51872K, committed 52352K, reserved 1097728K
  class space    used 6956K, committed 7168K, reserved 1048576K
}
Event: 12.356 GC heap after
{Heap after GC invocations=16 (full 0):
 garbage-first heap   total 82944K, used 34032K [0x0000000080000000, 0x0000000100000000)
  region size 1024K, 3 young (3072K), 3 survivors (3072K)
 Metaspace       used 51872K, committed 52352K, reserved 1097728K
  class space    used 6956K, committed 7168K, reserved 1048576K
}

